{
  "RSpec": {
    "coverage": {
      "/home/exuberant-post-9550/tic-tac-toe-rb-online-web-sp-000/lib/tic_tac_toe.rb": [
        null,
        1,
        null,
        null,
        null,
        null,
        null,
        null,
        null,
        null,
        null,
        1,
        34,
        34,
        34,
        34,
        34,
        null,
        null,
        null,
        1,
        18648,
        null,
        null,
        null,
        1,
        null,
        17,
        null,
        17,
        null,
        null,
        17,
        null,
        null,
        null,
        1,
        29,
        19,
        null,
        10,
        null,
        null,
        null,
        null,
        1,
        18648,
        15,
        null,
        18633,
        null,
        null,
        null,
        1,
        18650,
        18648,
        18645,
        null,
        18645,
        14,
        14,
        null,
        18631,
        null,
        15,
        null,
        null,
        1,
        2,
        2,
        18,
        5,
        null,
        null,
        2,
        null,
        null,
        null,
        1,
        1,
        null,
        null,
        1,
        18,
        116,
        116,
        116,
        null,
        116,
        116,
        116,
        null,
        null,
        116,
        null,
        null,
        null,
        null,
        null,
        1,
        12,
        52,
        null,
        null,
        null,
        1,
        8,
        null,
        null,
        1,
        6,
        null,
        null,
        1,
        3,
        2,
        null,
        null,
        null,
        1,
        12,
        7,
        7,
        null,
        0,
        null,
        null
      ]
    },
    "timestamp": 1563320629
  }
}
