{
  "RSpec": {
    "coverage": {
      "/home/exuberant-post-9550/tic-tac-toe-rb-online-web-sp-000/lib/tic_tac_toe.rb": [
        null,
        1,
        null,
        null,
        null,
        null,
        null,
        null,
        null,
        null,
        null,
        1,
        4,
        4,
        4,
        4,
        4,
        null,
        null,
        null,
        1,
        5,
        null,
        null,
        null,
        1,
        null,
        6,
        null,
        6,
        null,
        null,
        6,
        null,
        null,
        null,
        1,
        14,
        4,
        null,
        10,
        null,
        null,
        null,
        null,
        1,
        5,
        4,
        null,
        1,
        null,
        null,
        null,
        1,
        2,
        2,
        2,
        null,
        2,
        2,
        2,
        null,
        0,
        null,
        null,
        null,
        1,
        2,
        2,
        18,
        5,
        null,
        null,
        2,
        null,
        null,
        null,
        1,
        1,
        null,
        null,
        1,
        15,
        92,
        92,
        92,
        null,
        92,
        92,
        92,
        null,
        null,
        92,
        null,
        null,
        null,
        null,
        null,
        1,
        7,
        42,
        null,
        null,
        null,
        1,
        6,
        null,
        null,
        1,
        3,
        null,
        null,
        1,
        3,
        2,
        null,
        null
      ]
    },
    "timestamp": 1563320020
  }
}
